# JRE version: OpenJDK Runtime Environment (11.0.5+10) (build 11.0.5+10-LTS)
# Java VM: OpenJDK 64-Bit Server VM (11.0.5+10-LTS, mixed mode, sharing, tiered, compressed oops, serial gc, linux-amd64)
Heap:
 def new generation   total 40256K, used 4234K [0x00000000f3200000, 0x00000000f5da0000, 0x00000000f76a0000)
  eden space 35840K,  11% used [0x00000000f3200000, 0x00000000f3622b88, 0x00000000f5500000)
  from space 4416K,   0% used [0x00000000f5500000, 0x00000000f5500000, 0x00000000f5950000)
  to   space 4416K,   0% used [0x00000000f5950000, 0x00000000f5950000, 0x00000000f5da0000)
 tenured generation   total 90868K, used 90867K [0x00000000f76a0000, 0x00000000fcf5d000, 0x0000000100000000)
   the space 90868K,  99% used [0x00000000f76a0000, 0x00000000fcf5cff8, 0x00000000fcf5d000, 0x00000000fcf5d000)
 Metaspace       used 36855K, capacity 37484K, committed 38016K, reserved 1083392K
  class space    used 4447K, capacity 4673K, committed 4736K, reserved 1048576K
GC Heap History (20 events):
Event: 14.939 GC heap after
{Heap after GC invocations=54 (full 3):
 def new generation   total 21120K, used 1245K [0x00000000f3200000, 0x00000000f48e0000, 0x00000000f76a0000)
  eden space 18816K,   0% used [0x00000000f3200000, 0x00000000f3200000, 0x00000000f4460000)
  from space 2304K,  54% used [0x00000000f4460000, 0x00000000f4597700, 0x00000000f46a0000)
  to   space 2304K,   0% used [0x00000000f46a0000, 0x00000000f46a0000, 0x00000000f48e0000)
 tenured generation   total 46720K, used 28031K [0x00000000f76a0000, 0x00000000fa440000, 0x0000000100000000)
   the space 46720K,  59% used [0x00000000f76a0000, 0x00000000f91fffe8, 0x00000000f9200000, 0x00000000fa440000)
 Metaspace       used 33070K, capacity 33700K, committed 34176K, reserved 1079296K
  class space    used 4147K, capacity 4385K, committed 4480K, reserved 1048576K
}
Event: 15.122 GC heap before
{Heap before GC invocations=54 (full 3):
 def new generation   total 21120K, used 19963K [0x00000000f3200000, 0x00000000f48e0000, 0x00000000f76a0000)
  eden space 18816K,  99% used [0x00000000f3200000, 0x00000000f44477d0, 0x00000000f4460000)
  from space 2304K,  54% used [0x00000000f4460000, 0x00000000f4597700, 0x00000000f46a0000)
  to   space 2304K,   0% used [0x00000000f46a0000, 0x00000000f46a0000, 0x00000000f48e0000)
 tenured generation   total 46720K, used 28031K [0x00000000f76a0000, 0x00000000fa440000, 0x0000000100000000)
   the space 46720K,  59% used [0x00000000f76a0000, 0x00000000f91fffe8, 0x00000000f9200000, 0x00000000fa440000)
 Metaspace       used 33686K, capacity 34278K, committed 34688K, reserved 1079296K
  class space    used 4215K, capacity 4449K, committed 4480K, reserved 1048576K
}
Event: 15.131 GC heap after
{Heap after GC invocations=55 (full 3):
 def new generation   total 21120K, used 2303K [0x00000000f3200000, 0x00000000f48e0000, 0x00000000f76a0000)
  eden space 18816K,   0% used [0x00000000f3200000, 0x00000000f3200000, 0x00000000f4460000)
  from space 2304K,  99% used [0x00000000f46a0000, 0x00000000f48dfff8, 0x00000000f48e0000)
  to   space 2304K,   0% used [0x00000000f4460000, 0x00000000f4460000, 0x00000000f46a0000)
 tenured generation   total 46720K, used 34682K [0x00000000f76a0000, 0x00000000fa440000, 0x0000000100000000)
   the space 46720K,  74% used [0x00000000f76a0000, 0x00000000f987eb18, 0x00000000f987ec00, 0x00000000fa440000)
 Metaspace       used 33686K, capacity 34278K, committed 34688K, reserved 1079296K
  class space    used 4215K, capacity 4449K, committed 4480K, reserved 1048576K
}
Event: 15.169 GC heap before
{Heap before GC invocations=55 (full 3):
 def new generation   total 21120K, used 21105K [0x00000000f3200000, 0x00000000f48e0000, 0x00000000f76a0000)
  eden space 18816K,  99% used [0x00000000f3200000, 0x00000000f445c630, 0x00000000f4460000)
  from space 2304K,  99% used [0x00000000f46a0000, 0x00000000f48dfff8, 0x00000000f48e0000)
  to   space 2304K,   0% used [0x00000000f4460000, 0x00000000f4460000, 0x00000000f46a0000)
 tenured generation   total 46720K, used 34682K [0x00000000f76a0000, 0x00000000fa440000, 0x0000000100000000)
   the space 46720K,  74% used [0x00000000f76a0000, 0x00000000f987eb18, 0x00000000f987ec00, 0x00000000fa440000)
 Metaspace       used 33686K, capacity 34278K, committed 34688K, reserved 1079296K
  class space    used 4215K, capacity 4449K, committed 4480K, reserved 1048576K
}
Event: 15.245 GC heap after
{Heap after GC invocations=56 (full 4):
 def new generation   total 40256K, used 954K [0x00000000f3200000, 0x00000000f5da0000, 0x00000000f76a0000)
  eden space 35840K,   2% used [0x00000000f3200000, 0x00000000f32eebd8, 0x00000000f5500000)
  from space 4416K,   0% used [0x00000000f5500000, 0x00000000f5500000, 0x00000000f5950000)
  to   space 4416K,   0% used [0x00000000f5950000, 0x00000000f5950000, 0x00000000f5da0000)
 tenured generation   total 89332K, used 53598K [0x00000000f76a0000, 0x00000000fcddd000, 0x0000000100000000)
   the space 89332K,  59% used [0x00000000f76a0000, 0x00000000faaf7808, 0x00000000faaf7a00, 0x00000000fcddd000)
 Metaspace       used 33686K, capacity 34278K, committed 34688K, reserved 1079296K
  class space    used 4215K, capacity 4449K, committed 4480K, reserved 1048576K
}
Event: 15.737 GC heap before
{Heap before GC invocations=56 (full 4):
 def new generation   total 40256K, used 35840K [0x00000000f3200000, 0x00000000f5da0000, 0x00000000f76a0000)
  eden space 35840K, 100% used [0x00000000f3200000, 0x00000000f5500000, 0x00000000f5500000)
  from space 4416K,   0% used [0x00000000f5500000, 0x00000000f5500000, 0x00000000f5950000)
  to   space 4416K,   0% used [0x00000000f5950000, 0x00000000f5950000, 0x00000000f5da0000)
 tenured generation   total 89332K, used 53598K [0x00000000f76a0000, 0x00000000fcddd000, 0x0000000100000000)
   the space 89332K,  59% used [0x00000000f76a0000, 0x00000000faaf7808, 0x00000000faaf7a00, 0x00000000fcddd000)
 Metaspace       used 35236K, capacity 35850K, committed 36352K, reserved 1081344K
  class space    used 4341K, capacity 4577K, committed 4608K, reserved 1048576K
}
Event: 15.791 GC heap after
{Heap after GC invocations=57 (full 4):
 def new generation   total 40256K, used 4416K [0x00000000f3200000, 0x00000000f5da0000, 0x00000000f76a0000)
  eden space 35840K,   0% used [0x00000000f3200000, 0x00000000f3200000, 0x00000000f5500000)
  from space 4416K, 100% used [0x00000000f5950000, 0x00000000f5da0000, 0x00000000f5da0000)
  to   space 4416K,   0% used [0x00000000f5500000, 0x00000000f5500000, 0x00000000f5950000)
 tenured generation   total 89332K, used 67138K [0x00000000f76a0000, 0x00000000fcddd000, 0x0000000100000000)
   the space 89332K,  75% used [0x00000000f76a0000, 0x00000000fb830a78, 0x00000000fb830c00, 0x00000000fcddd000)
 Metaspace       used 35236K, capacity 35850K, committed 36352K, reserved 1081344K
  class space    used 4341K, capacity 4577K, committed 4608K, reserved 1048576K
}
Event: 16.167 GC heap before
{Heap before GC invocations=57 (full 4):
 def new generation   total 40256K, used 40256K [0x00000000f3200000, 0x00000000f5da0000, 0x00000000f76a0000)
  eden space 35840K, 100% used [0x00000000f3200000, 0x00000000f5500000, 0x00000000f5500000)
  from space 4416K, 100% used [0x00000000f5950000, 0x00000000f5da0000, 0x00000000f5da0000)
  to   space 4416K,   0% used [0x00000000f5500000, 0x00000000f5500000, 0x00000000f5950000)
 tenured generation   total 89332K, used 67138K [0x00000000f76a0000, 0x00000000fcddd000, 0x0000000100000000)
   the space 89332K,  75% used [0x00000000f76a0000, 0x00000000fb830a78, 0x00000000fb830c00, 0x00000000fcddd000)
 Metaspace       used 35586K, capacity 36234K, committed 36864K, reserved 1081344K
  class space    used 4343K, capacity 4577K, committed 4608K, reserved 1048576K
}
Event: 16.189 GC heap after
{Heap after GC invocations=58 (full 4):
 def new generation   total 40256K, used 3157K [0x00000000f3200000, 0x00000000f5da0000, 0x00000000f76a0000)
  eden space 35840K,   0% used [0x00000000f3200000, 0x00000000f3200000, 0x00000000f5500000)
  from space 4416K,  71% used [0x00000000f5500000, 0x00000000f5815748, 0x00000000f5950000)
  to   space 4416K,   0% used [0x00000000f5950000, 0x00000000f5950000, 0x00000000f5da0000)
 tenured generation   total 89332K, used 71551K [0x00000000f76a0000, 0x00000000fcddd000, 0x0000000100000000)
   the space 89332K,  80% used [0x00000000f76a0000, 0x00000000fbc7fed8, 0x00000000fbc80000, 0x00000000fcddd000)
 Metaspace       used 35586K, capacity 36234K, committed 36864K, reserved 1081344K
  class space    used 4343K, capacity 4577K, committed 4608K, reserved 1048576K
}
Event: 16.488 GC heap before
{Heap before GC invocations=58 (full 4):
 def new generation   total 40256K, used 38997K [0x00000000f3200000, 0x00000000f5da0000, 0x00000000f76a0000)
  eden space 35840K, 100% used [0x00000000f3200000, 0x00000000f5500000, 0x00000000f5500000)
  from space 4416K,  71% used [0x00000000f5500000, 0x00000000f5815748, 0x00000000f5950000)
  to   space 4416K,   0% used [0x00000000f5950000, 0x00000000f5950000, 0x00000000f5da0000)
 tenured generation   total 89332K, used 71551K [0x00000000f76a0000, 0x00000000fcddd000, 0x0000000100000000)
   the space 89332K,  80% used [0x00000000f76a0000, 0x00000000fbc7fed8, 0x00000000fbc80000, 0x00000000fcddd000)
 Metaspace       used 35693K, capacity 36298K, committed 36864K, reserved 1081344K
  class space    used 4343K, capacity 4577K, committed 4608K, reserved 1048576K
}
Event: 16.511 GC heap after
{Heap after GC invocations=59 (full 4):
 def new generation   total 40256K, used 3709K [0x00000000f3200000, 0x00000000f5da0000, 0x00000000f76a0000)
  eden space 35840K,   0% used [0x00000000f3200000, 0x00000000f3200000, 0x00000000f5500000)
  from space 4416K,  83% used [0x00000000f5950000, 0x00000000f5cef4f0, 0x00000000f5da0000)
  to   space 4416K,   0% used [0x00000000f5500000, 0x00000000f5500000, 0x00000000f5950000)
 tenured generation   total 89332K, used 74655K [0x00000000f76a0000, 0x00000000fcddd000, 0x0000000100000000)
   the space 89332K,  83% used [0x00000000f76a0000, 0x00000000fbf87da0, 0x00000000fbf87e00, 0x00000000fcddd000)
 Metaspace       used 35693K, capacity 36298K, committed 36864K, reserved 1081344K
  class space    used 4343K, capacity 4577K, committed 4608K, reserved 1048576K
}
Event: 16.715 GC heap before
{Heap before GC invocations=59 (full 4):
 def new generation   total 40256K, used 39549K [0x00000000f3200000, 0x00000000f5da0000, 0x00000000f76a0000)
  eden space 35840K, 100% used [0x00000000f3200000, 0x00000000f5500000, 0x00000000f5500000)
  from space 4416K,  83% used [0x00000000f5950000, 0x00000000f5cef4f0, 0x00000000f5da0000)
  to   space 4416K,   0% used [0x00000000f5500000, 0x00000000f5500000, 0x00000000f5950000)
 tenured generation   total 89332K, used 74655K [0x00000000f76a0000, 0x00000000fcddd000, 0x0000000100000000)
   the space 89332K,  83% used [0x00000000f76a0000, 0x00000000fbf87da0, 0x00000000fbf87e00, 0x00000000fcddd000)
 Metaspace       used 35764K, capacity 36362K, committed 36864K, reserved 1081344K
  class space    used 4343K, capacity 4577K, committed 4608K, reserved 1048576K
}
Event: 16.726 GC heap after
{Heap after GC invocations=60 (full 4):
 def new generation   total 40256K, used 3206K [0x00000000f3200000, 0x00000000f5da0000, 0x00000000f76a0000)
  eden space 35840K,   0% used [0x00000000f3200000, 0x00000000f3200000, 0x00000000f5500000)
  from space 4416K,  72% used [0x00000000f5500000, 0x00000000f58219c0, 0x00000000f5950000)
  to   space 4416K,   0% used [0x00000000f5950000, 0x00000000f5950000, 0x00000000f5da0000)
 tenured generation   total 89332K, used 78245K [0x00000000f76a0000, 0x00000000fcddd000, 0x0000000100000000)
   the space 89332K,  87% used [0x00000000f76a0000, 0x00000000fc309580, 0x00000000fc309600, 0x00000000fcddd000)
 Metaspace       used 35764K, capacity 36362K, committed 36864K, reserved 1081344K
  class space    used 4343K, capacity 4577K, committed 4608K, reserved 1048576K
}
Event: 16.887 GC heap before
{Heap before GC invocations=60 (full 4):
 def new generation   total 40256K, used 39046K [0x00000000f3200000, 0x00000000f5da0000, 0x00000000f76a0000)
  eden space 35840K, 100% used [0x00000000f3200000, 0x00000000f5500000, 0x00000000f5500000)
  from space 4416K,  72% used [0x00000000f5500000, 0x00000000f58219c0, 0x00000000f5950000)
  to   space 4416K,   0% used [0x00000000f5950000, 0x00000000f5950000, 0x00000000f5da0000)
 tenured generation   total 89332K, used 78245K [0x00000000f76a0000, 0x00000000fcddd000, 0x0000000100000000)
   the space 89332K,  87% used [0x00000000f76a0000, 0x00000000fc309580, 0x00000000fc309600, 0x00000000fcddd000)
 Metaspace       used 35855K, capacity 36490K, committed 37120K, reserved 1081344K
  class space    used 4343K, capacity 4577K, committed 4608K, reserved 1048576K
}
Event: 16.896 GC heap after
{Heap after GC invocations=61 (full 4):
 def new generation   total 40256K, used 1569K [0x00000000f3200000, 0x00000000f5da0000, 0x00000000f76a0000)
  eden space 35840K,   0% used [0x00000000f3200000, 0x00000000f3200000, 0x00000000f5500000)
  from space 4416K,  35% used [0x00000000f5950000, 0x00000000f5ad85e0, 0x00000000f5da0000)
  to   space 4416K,   0% used [0x00000000f5500000, 0x00000000f5500000, 0x00000000f5950000)
 tenured generation   total 89332K, used 81444K [0x00000000f76a0000, 0x00000000fcddd000, 0x0000000100000000)
   the space 89332K,  91% used [0x00000000f76a0000, 0x00000000fc6290a8, 0x00000000fc629200, 0x00000000fcddd000)
 Metaspace       used 35855K, capacity 36490K, committed 37120K, reserved 1081344K
  class space    used 4343K, capacity 4577K, committed 4608K, reserved 1048576K
}
Event: 17.040 GC heap before
{Heap before GC invocations=61 (full 4):
 def new generation   total 40256K, used 37409K [0x00000000f3200000, 0x00000000f5da0000, 0x00000000f76a0000)
  eden space 35840K, 100% used [0x00000000f3200000, 0x00000000f5500000, 0x00000000f5500000)
  from space 4416K,  35% used [0x00000000f5950000, 0x00000000f5ad85e0, 0x00000000f5da0000)
  to   space 4416K,   0% used [0x00000000f5500000, 0x00000000f5500000, 0x00000000f5950000)
 tenured generation   total 89332K, used 81444K [0x00000000f76a0000, 0x00000000fcddd000, 0x0000000100000000)
   the space 89332K,  91% used [0x00000000f76a0000, 0x00000000fc6290a8, 0x00000000fc629200, 0x00000000fcddd000)
 Metaspace       used 35859K, capacity 36490K, committed 37120K, reserved 1081344K
  class space    used 4344K, capacity 4577K, committed 4608K, reserved 1048576K
}
Event: 17.048 GC heap after
{Heap after GC invocations=62 (full 4):
 def new generation   total 40256K, used 4375K [0x00000000f3200000, 0x00000000f5da0000, 0x00000000f76a0000)
  eden space 35840K,   0% used [0x00000000f3200000, 0x00000000f3200000, 0x00000000f5500000)
  from space 4416K,  99% used [0x00000000f5500000, 0x00000000f5945c30, 0x00000000f5950000)
  to   space 4416K,   0% used [0x00000000f5950000, 0x00000000f5950000, 0x00000000f5da0000)
 tenured generation   total 89332K, used 81444K [0x00000000f76a0000, 0x00000000fcddd000, 0x0000000100000000)
   the space 89332K,  91% used [0x00000000f76a0000, 0x00000000fc6290a8, 0x00000000fc629200, 0x00000000fcddd000)
 Metaspace       used 35859K, capacity 36490K, committed 37120K, reserved 1081344K
  class space    used 4344K, capacity 4577K, committed 4608K, reserved 1048576K
}
Event: 17.258 GC heap before
{Heap before GC invocations=62 (full 4):
 def new generation   total 40256K, used 40215K [0x00000000f3200000, 0x00000000f5da0000, 0x00000000f76a0000)
  eden space 35840K, 100% used [0x00000000f3200000, 0x00000000f5500000, 0x00000000f5500000)
  from space 4416K,  99% used [0x00000000f5500000, 0x00000000f5945c30, 0x00000000f5950000)
  to   space 4416K,   0% used [0x00000000f5950000, 0x00000000f5950000, 0x00000000f5da0000)
 tenured generation   total 89332K, used 81444K [0x00000000f76a0000, 0x00000000fcddd000, 0x0000000100000000)
   the space 89332K,  91% used [0x00000000f76a0000, 0x00000000fc6290a8, 0x00000000fc629200, 0x00000000fcddd000)
 Metaspace       used 35894K, capacity 36554K, committed 37120K, reserved 1081344K
  class space    used 4345K, capacity 4577K, committed 4608K, reserved 1048576K
}
Event: 17.283 GC heap after
{Heap after GC invocations=63 (full 4):
 def new generation   total 40256K, used 2934K [0x00000000f3200000, 0x00000000f5da0000, 0x00000000f76a0000)
  eden space 35840K,   0% used [0x00000000f3200000, 0x00000000f3200000, 0x00000000f5500000)
  from space 4416K,  66% used [0x00000000f5950000, 0x00000000f5c2daa8, 0x00000000f5da0000)
  to   space 4416K,   0% used [0x00000000f5500000, 0x00000000f5500000, 0x00000000f5950000)
 tenured generation   total 89332K, used 85794K [0x00000000f76a0000, 0x00000000fcddd000, 0x0000000100000000)
   the space 89332K,  96% used [0x00000000f76a0000, 0x00000000fca68870, 0x00000000fca68a00, 0x00000000fcddd000)
 Metaspace       used 35894K, capacity 36554K, committed 37120K, reserved 1081344K
  class space    used 4345K, capacity 4577K, committed 4608K, reserved 1048576K
}
Event: 17.991 GC heap before
{Heap before GC invocations=63 (full 4):
 def new generation   total 40256K, used 38774K [0x00000000f3200000, 0x00000000f5da0000, 0x00000000f76a0000)
  eden space 35840K, 100% used [0x00000000f3200000, 0x00000000f5500000, 0x00000000f5500000)
  from space 4416K,  66% used [0x00000000f5950000, 0x00000000f5c2daa8, 0x00000000f5da0000)
  to   space 4416K,   0% used [0x00000000f5500000, 0x00000000f5500000, 0x00000000f5950000)
 tenured generation   total 89332K, used 85794K [0x00000000f76a0000, 0x00000000fcddd000, 0x0000000100000000)
   the space 89332K,  96% used [0x00000000f76a0000, 0x00000000fca68870, 0x00000000fca68a00, 0x00000000fcddd000)
 Metaspace       used 36855K, capacity 37484K, committed 38016K, reserved 1083392K
  class space    used 4447K, capacity 4673K, committed 4736K, reserved 1048576K
}

